Actividad registrada el Fri Apr  4 00:27:16 UTC 2025
Actividad registrada el Sat Apr  5 01:17:49 UTC 2025
Actividad registrada el Sun Apr  6 01:23:43 UTC 2025
Actividad registrada el Mon Apr  7 01:21:25 UTC 2025
Actividad registrada el Tue Apr  8 01:19:16 UTC 2025
Actividad registrada el Wed Apr  9 01:19:40 UTC 2025
Actividad registrada el Thu Apr 10 01:19:21 UTC 2025
Actividad registrada el Fri Apr 11 01:19:47 UTC 2025
Actividad registrada el Sat Apr 12 01:18:16 UTC 2025
Actividad registrada el Sun Apr 13 02:47:30 UTC 2025
Actividad registrada el Mon Apr 14 01:22:46 UTC 2025
Actividad registrada el Tue Apr 15 01:22:02 UTC 2025
Actividad registrada el Wed Apr 16 01:21:32 UTC 2025
Actividad registrada el Thu Apr 17 01:20:27 UTC 2025
Actividad registrada el Fri Apr 18 01:19:43 UTC 2025
Actividad registrada el Sat Apr 19 01:17:33 UTC 2025
Actividad registrada el Sun Apr 20 01:26:00 UTC 2025
Actividad registrada el Mon Apr 21 01:24:23 UTC 2025
Actividad registrada el Tue Apr 22 01:20:51 UTC 2025
Actividad registrada el Wed Apr 23 01:21:18 UTC 2025
Actividad registrada el Thu Apr 24 01:21:19 UTC 2025
Actividad registrada el Fri Apr 25 01:22:00 UTC 2025
Actividad registrada el Sat Apr 26 01:19:02 UTC 2025
Actividad registrada el Sun Apr 27 01:26:11 UTC 2025
Actividad registrada el Mon Apr 28 01:23:52 UTC 2025
Actividad registrada el Tue Apr 29 01:21:56 UTC 2025
Actividad registrada el Wed Apr 30 01:22:07 UTC 2025
Actividad registrada el Thu May  1 01:37:29 UTC 2025
Actividad registrada el Fri May  2 01:22:23 UTC 2025
Actividad registrada el Sat May  3 01:20:31 UTC 2025
Actividad registrada el Sun May  4 01:37:46 UTC 2025
Actividad registrada el Mon May  5 01:25:40 UTC 2025
Actividad registrada el Tue May  6 01:23:00 UTC 2025
Actividad registrada el Wed May  7 01:23:42 UTC 2025
Actividad registrada el Thu May  8 01:23:52 UTC 2025
Actividad registrada el Fri May  9 01:23:22 UTC 2025
Actividad registrada el Sat May 10 01:20:37 UTC 2025
Actividad registrada el Sun May 11 01:36:04 UTC 2025
Actividad registrada el Mon May 12 01:26:26 UTC 2025
Actividad registrada el Tue May 13 01:24:41 UTC 2025
Actividad registrada el Wed May 14 01:23:27 UTC 2025
Actividad registrada el Thu May 15 01:21:39 UTC 2025
Actividad registrada el Fri May 16 01:24:37 UTC 2025
Actividad registrada el Sat May 17 01:22:31 UTC 2025
